The target system is: Generic -  - arm
The host system is: Linux - 5.4.0-91-generic - x86_64
Compiling the C compiler identification source file "CMakeCCompilerId.c" succeeded.
Compiler: /usr/share/gcc-arm-none-eabi-10.3-2021.10/bin/arm-none-eabi-gcc 
Build flags: ;-mcpu=cortex-m0plus;-mfloat-abi=soft;-mthumb;-mlittle-endian;-mcpu=cortex-m0plus;-mfloat-abi=soft;-mthumb;-mlittle-endian
Id flags: -c 

The output was:
0


Compilation of the C compiler identification source "CMakeCCompilerId.c" produced "CMakeCCompilerId.o"

The C compiler identification is GNU, found in "/home/andrew/stm32_stuff/ServoMultiplexer/CMakeFiles/3.10.2/CompilerIdC/CMakeCCompilerId.o"

Compiling the CXX compiler identification source file "CMakeCXXCompilerId.cpp" succeeded.
Compiler: /usr/share/gcc-arm-none-eabi-10.3-2021.10/bin/arm-none-eabi-g++ 
Build flags: ;-mcpu=cortex-m0plus;-mfloat-abi=soft;-mthumb;-mlittle-endian;-mcpu=cortex-m0plus;-mfloat-abi=soft;-mthumb;-mlittle-endian
Id flags: -c 

The output was:
0


Compilation of the CXX compiler identification source "CMakeCXXCompilerId.cpp" produced "CMakeCXXCompilerId.o"

The CXX compiler identification is GNU, found in "/home/andrew/stm32_stuff/ServoMultiplexer/CMakeFiles/3.10.2/CompilerIdCXX/CMakeCXXCompilerId.o"

Checking whether the ASM compiler is GNU using "--version" matched "(GNU assembler)|(GCC)|(Free Software Foundation)":
arm-none-eabi-gcc (GNU Arm Embedded Toolchain 10.3-2021.10) 10.3.1 20210824 (release)
Copyright (C) 2020 Free Software Foundation, Inc.
This is free software; see the source for copying conditions.  There is NO
warranty; not even for MERCHANTABILITY or FITNESS FOR A PARTICULAR PURPOSE.

The target system is: Generic -  - arm
The host system is: Linux - 5.4.0-91-generic - x86_64
Compiling the C compiler identification source file "CMakeCCompilerId.c" succeeded.
Compiler: /usr/share/gcc-arm-none-eabi-10.3-2021.10/bin/arm-none-eabi-gcc 
Build flags: ;-mcpu=cortex-m0plus;-mfloat-abi=soft;-mthumb;-mlittle-endian;-mcpu=cortex-m0plus;-mfloat-abi=soft;-mthumb;-mlittle-endian
Id flags: -c 

The output was:
0


Compilation of the C compiler identification source "CMakeCCompilerId.c" produced "CMakeCCompilerId.o"

The C compiler identification is GNU, found in "/home/andrew/stm32_stuff/ServoMultiplexer/CMakeFiles/3.10.2/CompilerIdC/CMakeCCompilerId.o"

Detecting C compiler ABI info compiled with the following output:
Change Dir: /home/andrew/stm32_stuff/ServoMultiplexer/CMakeFiles/CMakeTmp

Run Build Command:"/usr/bin/make" "cmTC_54d11/fast"
/usr/bin/make -f CMakeFiles/cmTC_54d11.dir/build.make CMakeFiles/cmTC_54d11.dir/build
make[1]: Entering directory '/home/andrew/stm32_stuff/ServoMultiplexer/CMakeFiles/CMakeTmp'
Building C object CMakeFiles/cmTC_54d11.dir/CMakeCCompilerABI.c.obj
/usr/share/gcc-arm-none-eabi-10.3-2021.10/bin/arm-none-eabi-gcc   -mcpu=cortex-m0plus -mfloat-abi=soft -mthumb -mlittle-endian -mcpu=cortex-m0plus -mfloat-abi=soft -mthumb -mlittle-endian    -o CMakeFiles/cmTC_54d11.dir/CMakeCCompilerABI.c.obj   -c /usr/share/cmake-3.10/Modules/CMakeCCompilerABI.c
Linking C static library libcmTC_54d11.a
/usr/bin/cmake -P CMakeFiles/cmTC_54d11.dir/cmake_clean_target.cmake
/usr/bin/cmake -E cmake_link_script CMakeFiles/cmTC_54d11.dir/link.txt --verbose=1
/usr/share/gcc-arm-none-eabi-10.3-2021.10/bin/arm-none-eabi-ar qc libcmTC_54d11.a  CMakeFiles/cmTC_54d11.dir/CMakeCCompilerABI.c.obj
/usr/share/gcc-arm-none-eabi-10.3-2021.10/bin/arm-none-eabi-ranlib libcmTC_54d11.a
make[1]: Leaving directory '/home/andrew/stm32_stuff/ServoMultiplexer/CMakeFiles/CMakeTmp'


Parsed C implicit link information from above output:
  link line regex: [^( *|.*[/\])(CMAKE_LINKER-NOTFOUND|CMAKE_LINK_STARTFILE-NOTFOUND|([^/\]+-)?ld|collect2)[^/\]*( |$)]
  ignore line: [Change Dir: /home/andrew/stm32_stuff/ServoMultiplexer/CMakeFiles/CMakeTmp]
  ignore line: []
  ignore line: [Run Build Command:"/usr/bin/make" "cmTC_54d11/fast"]
  ignore line: [/usr/bin/make -f CMakeFiles/cmTC_54d11.dir/build.make CMakeFiles/cmTC_54d11.dir/build]
  ignore line: [make[1]: Entering directory '/home/andrew/stm32_stuff/ServoMultiplexer/CMakeFiles/CMakeTmp']
  ignore line: [Building C object CMakeFiles/cmTC_54d11.dir/CMakeCCompilerABI.c.obj]
  ignore line: [/usr/share/gcc-arm-none-eabi-10.3-2021.10/bin/arm-none-eabi-gcc   -mcpu=cortex-m0plus -mfloat-abi=soft -mthumb -mlittle-endian -mcpu=cortex-m0plus -mfloat-abi=soft -mthumb -mlittle-endian    -o CMakeFiles/cmTC_54d11.dir/CMakeCCompilerABI.c.obj   -c /usr/share/cmake-3.10/Modules/CMakeCCompilerABI.c]
  ignore line: [Linking C static library libcmTC_54d11.a]
  ignore line: [/usr/bin/cmake -P CMakeFiles/cmTC_54d11.dir/cmake_clean_target.cmake]
  ignore line: [/usr/bin/cmake -E cmake_link_script CMakeFiles/cmTC_54d11.dir/link.txt --verbose=1]
  ignore line: [/usr/share/gcc-arm-none-eabi-10.3-2021.10/bin/arm-none-eabi-ar qc libcmTC_54d11.a  CMakeFiles/cmTC_54d11.dir/CMakeCCompilerABI.c.obj]
  ignore line: [/usr/share/gcc-arm-none-eabi-10.3-2021.10/bin/arm-none-eabi-ranlib libcmTC_54d11.a]
  ignore line: [make[1]: Leaving directory '/home/andrew/stm32_stuff/ServoMultiplexer/CMakeFiles/CMakeTmp']
  ignore line: []
  implicit libs: []
  implicit dirs: []
  implicit fwks: []




Detecting C [-std=c11] compiler features compiled with the following output:
Change Dir: /home/andrew/stm32_stuff/ServoMultiplexer/CMakeFiles/CMakeTmp

Run Build Command:"/usr/bin/make" "cmTC_2d2a9/fast"
/usr/bin/make -f CMakeFiles/cmTC_2d2a9.dir/build.make CMakeFiles/cmTC_2d2a9.dir/build
make[1]: Entering directory '/home/andrew/stm32_stuff/ServoMultiplexer/CMakeFiles/CMakeTmp'
Building C object CMakeFiles/cmTC_2d2a9.dir/feature_tests.c.obj
/usr/share/gcc-arm-none-eabi-10.3-2021.10/bin/arm-none-eabi-gcc   -mcpu=cortex-m0plus -mfloat-abi=soft -mthumb -mlittle-endian -mcpu=cortex-m0plus -mfloat-abi=soft -mthumb -mlittle-endian    -std=c11 -o CMakeFiles/cmTC_2d2a9.dir/feature_tests.c.obj   -c /home/andrew/stm32_stuff/ServoMultiplexer/CMakeFiles/feature_tests.c
Linking C static library libcmTC_2d2a9.a
/usr/bin/cmake -P CMakeFiles/cmTC_2d2a9.dir/cmake_clean_target.cmake
/usr/bin/cmake -E cmake_link_script CMakeFiles/cmTC_2d2a9.dir/link.txt --verbose=1
/usr/share/gcc-arm-none-eabi-10.3-2021.10/bin/arm-none-eabi-ar qc libcmTC_2d2a9.a  CMakeFiles/cmTC_2d2a9.dir/feature_tests.c.obj
/usr/share/gcc-arm-none-eabi-10.3-2021.10/bin/arm-none-eabi-ranlib libcmTC_2d2a9.a
make[1]: Leaving directory '/home/andrew/stm32_stuff/ServoMultiplexer/CMakeFiles/CMakeTmp'


    Feature record: C_FEATURE:1c_function_prototypes
    Feature record: C_FEATURE:1c_restrict
    Feature record: C_FEATURE:1c_static_assert
    Feature record: C_FEATURE:1c_variadic_macros


Detecting C [-std=c99] compiler features compiled with the following output:
Change Dir: /home/andrew/stm32_stuff/ServoMultiplexer/CMakeFiles/CMakeTmp

Run Build Command:"/usr/bin/make" "cmTC_678fc/fast"
/usr/bin/make -f CMakeFiles/cmTC_678fc.dir/build.make CMakeFiles/cmTC_678fc.dir/build
make[1]: Entering directory '/home/andrew/stm32_stuff/ServoMultiplexer/CMakeFiles/CMakeTmp'
Building C object CMakeFiles/cmTC_678fc.dir/feature_tests.c.obj
/usr/share/gcc-arm-none-eabi-10.3-2021.10/bin/arm-none-eabi-gcc   -mcpu=cortex-m0plus -mfloat-abi=soft -mthumb -mlittle-endian -mcpu=cortex-m0plus -mfloat-abi=soft -mthumb -mlittle-endian    -std=c99 -o CMakeFiles/cmTC_678fc.dir/feature_tests.c.obj   -c /home/andrew/stm32_stuff/ServoMultiplexer/CMakeFiles/feature_tests.c
Linking C static library libcmTC_678fc.a
/usr/bin/cmake -P CMakeFiles/cmTC_678fc.dir/cmake_clean_target.cmake
/usr/bin/cmake -E cmake_link_script CMakeFiles/cmTC_678fc.dir/link.txt --verbose=1
/usr/share/gcc-arm-none-eabi-10.3-2021.10/bin/arm-none-eabi-ar qc libcmTC_678fc.a  CMakeFiles/cmTC_678fc.dir/feature_tests.c.obj
/usr/share/gcc-arm-none-eabi-10.3-2021.10/bin/arm-none-eabi-ranlib libcmTC_678fc.a
make[1]: Leaving directory '/home/andrew/stm32_stuff/ServoMultiplexer/CMakeFiles/CMakeTmp'


    Feature record: C_FEATURE:1c_function_prototypes
    Feature record: C_FEATURE:1c_restrict
    Feature record: C_FEATURE:0c_static_assert
    Feature record: C_FEATURE:1c_variadic_macros


Detecting C [-std=c90] compiler features compiled with the following output:
Change Dir: /home/andrew/stm32_stuff/ServoMultiplexer/CMakeFiles/CMakeTmp

Run Build Command:"/usr/bin/make" "cmTC_50c65/fast"
/usr/bin/make -f CMakeFiles/cmTC_50c65.dir/build.make CMakeFiles/cmTC_50c65.dir/build
make[1]: Entering directory '/home/andrew/stm32_stuff/ServoMultiplexer/CMakeFiles/CMakeTmp'
Building C object CMakeFiles/cmTC_50c65.dir/feature_tests.c.obj
/usr/share/gcc-arm-none-eabi-10.3-2021.10/bin/arm-none-eabi-gcc   -mcpu=cortex-m0plus -mfloat-abi=soft -mthumb -mlittle-endian -mcpu=cortex-m0plus -mfloat-abi=soft -mthumb -mlittle-endian    -std=c90 -o CMakeFiles/cmTC_50c65.dir/feature_tests.c.obj   -c /home/andrew/stm32_stuff/ServoMultiplexer/CMakeFiles/feature_tests.c
Linking C static library libcmTC_50c65.a
/usr/bin/cmake -P CMakeFiles/cmTC_50c65.dir/cmake_clean_target.cmake
/usr/bin/cmake -E cmake_link_script CMakeFiles/cmTC_50c65.dir/link.txt --verbose=1
/usr/share/gcc-arm-none-eabi-10.3-2021.10/bin/arm-none-eabi-ar qc libcmTC_50c65.a  CMakeFiles/cmTC_50c65.dir/feature_tests.c.obj
/usr/share/gcc-arm-none-eabi-10.3-2021.10/bin/arm-none-eabi-ranlib libcmTC_50c65.a
make[1]: Leaving directory '/home/andrew/stm32_stuff/ServoMultiplexer/CMakeFiles/CMakeTmp'


    Feature record: C_FEATURE:1c_function_prototypes
    Feature record: C_FEATURE:0c_restrict
    Feature record: C_FEATURE:0c_static_assert
    Feature record: C_FEATURE:0c_variadic_macros
